2018-11-13 09:32:50,124 - INFO: [{'retVal': '2753bbb55c6a0dc6aa543a14d882fde524fc4eef:1542340051', 'retCode': 1}]
2018-11-13 09:32:50,324 - INFO: 設備綁定錯誤
2018-11-13 09:32:50,324 - INFO: [{'retCode': 0, 'retMessage': '店家(場站)資料不存在'}]
2018-11-13 09:32:50,393 - INFO: 查詢設備狀態錯誤
2018-11-13 09:32:50,393 - INFO: [{'retCode': 0, 'retMessage': '-查無任何設備綁定店家資訊!!'}]
2018-11-13 09:36:17,531 - INFO: 設備綁定成功
2018-11-13 09:36:17,531 - INFO: [{'retCode': 1, 'retVal': ['A4160000456F']}]
2018-11-13 10:35:42,958 - INFO: [{'retCode': 1, 'retVal': '2753bbb55c6a0dc6aa543a14d882fde524fc4eef:1542340051'}]
2018-11-13 10:35:43,441 - INFO: 設備綁定成功
2018-11-13 10:35:43,442 - INFO: [{'retCode': 1, 'retVal': ['A4160000204A']}]
2018-11-13 10:35:43,734 - INFO: 設備解除成功
2018-11-13 10:35:43,735 - INFO: [{'retCode': 1, 'retVal': ['A41600002D2E']}]
2018-11-13 10:40:05,701 - INFO: 設備解除成功
2018-11-13 10:40:05,702 - INFO: [{'retVal': ['A41600002C6F'], 'retCode': 1}]
2018-11-13 10:40:18,226 - INFO: [{'retCode': 1, 'retVal': [{'bindflagdesc': '未綁定', 'shop_id': '', 'bindflag': 0, 'shop_name': ''}]}]
2018-11-13 10:40:26,547 - INFO: [{'retCode': 0, 'retMessage': '-查無任何設備綁定店家資訊!!'}]
2018-11-13 10:40:35,342 - INFO: 設備綁定成功
2018-11-13 10:40:35,342 - INFO: [{'retCode': 1, 'retVal': ['A41600000C9B']}]
2018-11-13 10:40:53,761 - INFO: [{'retVal': [[{'bind_dev_date': '2018-11-13 10:40:34', 'bind_dev_id': 'A41600000C9B'}]], 'retCode': 1}]
2018-11-13 10:41:01,164 - INFO: [{'retCode': 1, 'retVal': [{'shop_id': '15986', 'bindflagdesc': '已綁定', 'shop_name': '15986', 'bindflag': 1}]}]
2018-11-13 14:24:39,150 - INFO: [{'retCode': 1, 'retVal': '2753bbb55c6a0dc6aa543a14d882fde524fc4eef:1542340051'}]
2018-11-13 14:24:39,615 - INFO: 設備綁定成功
2018-11-13 14:24:39,616 - INFO: [{'retCode': 1, 'retVal': ['A4160000176C']}]
2018-11-13 14:54:56,389 - INFO: 設備綁定錯誤
2018-11-13 14:54:56,390 - INFO: [{'retCode': 0, 'retMessage': '店家(場站)資料不存在'}]
2018-11-13 14:54:56,432 - INFO: 查詢設備狀態錯誤
2018-11-13 14:54:56,433 - INFO: [{'retMessage': '-查無任何設備綁定店家資訊!!', 'retCode': 0}]
2018-11-13 14:58:57,844 - INFO: 設備綁定成功
2018-11-13 14:58:57,845 - INFO: [{'retCode': 1, 'retVal': ['A416000079A6']}]
